2016-05-12 17:25:29,249 [13] Orchard.Security.Providers.FormsAuthenticationService - Default - User id not a parsable integer
 http://localhost:30321/
2016-05-12 17:25:29,384 [13] Orchard.Security.Providers.FormsAuthenticationService - Default - User id not a parsable integer
 http://localhost:30321/
2016-05-12 17:25:29,843 [13] Orchard.Security.Providers.FormsAuthenticationService - Default - User id not a parsable integer
 http://localhost:30321/
2016-05-12 17:25:29,890 [13] Orchard.Security.Providers.FormsAuthenticationService - Default - User id not a parsable integer
 http://localhost:30321/
2016-05-12 17:25:31,444 [13] Orchard.Security.Providers.FormsAuthenticationService - Default - User id not a parsable integer
 http://localhost:30321/
2016-05-12 17:25:31,557 [13] Orchard.Security.Providers.FormsAuthenticationService - Default - User id not a parsable integer
 http://localhost:30321/
2016-05-12 17:25:31,564 [13] Orchard.Security.Providers.FormsAuthenticationService - Default - User id not a parsable integer
 http://localhost:30321/
2016-05-12 17:25:31,571 [13] Orchard.Security.Providers.FormsAuthenticationService - Default - User id not a parsable integer
 http://localhost:30321/
2016-05-12 17:25:31,578 [13] Orchard.Security.Providers.FormsAuthenticationService - Default - User id not a parsable integer
 http://localhost:30321/
2016-05-12 17:25:31,584 [13] Orchard.Security.Providers.FormsAuthenticationService - Default - User id not a parsable integer
 http://localhost:30321/
2016-05-12 17:25:31,605 [13] Orchard.Security.Providers.FormsAuthenticationService - Default - User id not a parsable integer
 http://localhost:30321/
2016-05-12 17:25:31,619 [13] Orchard.Security.Providers.FormsAuthenticationService - Default - User id not a parsable integer
 http://localhost:30321/
2016-05-12 17:25:31,903 [13] Orchard.Security.Providers.FormsAuthenticationService - Default - User id not a parsable integer
 http://localhost:30321/
2016-05-12 17:25:31,916 [13] Orchard.Security.Providers.FormsAuthenticationService - Default - User id not a parsable integer
 http://localhost:30321/
2016-05-12 17:25:31,942 [13] Orchard.Security.Providers.FormsAuthenticationService - Default - User id not a parsable integer
 http://localhost:30321/
2016-05-12 17:25:31,951 [13] Orchard.Security.Providers.FormsAuthenticationService - Default - User id not a parsable integer
 http://localhost:30321/
2016-05-12 17:25:31,976 [13] Orchard.Security.Providers.FormsAuthenticationService - Default - User id not a parsable integer
 http://localhost:30321/
2016-05-12 17:25:31,985 [13] Orchard.Security.Providers.FormsAuthenticationService - Default - User id not a parsable integer
 http://localhost:30321/
2016-05-12 17:25:31,992 [13] Orchard.Security.Providers.FormsAuthenticationService - Default - User id not a parsable integer
 http://localhost:30321/
2016-05-12 17:25:32,001 [13] Orchard.Security.Providers.FormsAuthenticationService - Default - User id not a parsable integer
 http://localhost:30321/
2016-05-12 17:25:32,007 [13] Orchard.Security.Providers.FormsAuthenticationService - Default - User id not a parsable integer
 http://localhost:30321/
2016-05-12 17:25:32,186 [13] Orchard.Security.Providers.FormsAuthenticationService - Default - User id not a parsable integer
 http://localhost:30321/
2016-05-12 17:25:32,193 [13] Orchard.Security.Providers.FormsAuthenticationService - Default - User id not a parsable integer
 http://localhost:30321/
2016-05-12 17:25:32,202 [13] Orchard.Security.Providers.FormsAuthenticationService - Default - User id not a parsable integer
 http://localhost:30321/
2016-05-12 17:25:32,209 [13] Orchard.Security.Providers.FormsAuthenticationService - Default - User id not a parsable integer
 http://localhost:30321/
2016-05-12 17:25:32,219 [13] Orchard.Security.Providers.FormsAuthenticationService - Default - User id not a parsable integer
 http://localhost:30321/
2016-05-12 17:25:32,225 [13] Orchard.Security.Providers.FormsAuthenticationService - Default - User id not a parsable integer
 http://localhost:30321/
2016-05-12 17:25:32,233 [13] Orchard.Security.Providers.FormsAuthenticationService - Default - User id not a parsable integer
 http://localhost:30321/
2016-05-12 17:25:32,269 [13] Orchard.Security.Providers.FormsAuthenticationService - Default - User id not a parsable integer
 http://localhost:30321/
2016-05-12 17:25:32,276 [13] Orchard.Security.Providers.FormsAuthenticationService - Default - User id not a parsable integer
 http://localhost:30321/
2016-05-12 17:25:32,284 [13] Orchard.Security.Providers.FormsAuthenticationService - Default - User id not a parsable integer
 http://localhost:30321/
2016-05-12 17:25:32,292 [13] Orchard.Security.Providers.FormsAuthenticationService - Default - User id not a parsable integer
 http://localhost:30321/
2016-05-12 17:25:32,300 [13] Orchard.Security.Providers.FormsAuthenticationService - Default - User id not a parsable integer
 http://localhost:30321/
2016-05-12 17:25:32,307 [13] Orchard.Security.Providers.FormsAuthenticationService - Default - User id not a parsable integer
 http://localhost:30321/
2016-05-12 17:25:32,314 [13] Orchard.Security.Providers.FormsAuthenticationService - Default - User id not a parsable integer
 http://localhost:30321/
2016-05-12 17:25:32,321 [13] Orchard.Security.Providers.FormsAuthenticationService - Default - User id not a parsable integer
 http://localhost:30321/
2016-05-12 17:25:32,328 [13] Orchard.Security.Providers.FormsAuthenticationService - Default - User id not a parsable integer
 http://localhost:30321/
2016-05-12 17:25:32,336 [13] Orchard.Security.Providers.FormsAuthenticationService - Default - User id not a parsable integer
 http://localhost:30321/
2016-05-12 17:25:32,343 [13] Orchard.Security.Providers.FormsAuthenticationService - Default - User id not a parsable integer
 http://localhost:30321/
2016-05-12 17:25:32,351 [13] Orchard.Security.Providers.FormsAuthenticationService - Default - User id not a parsable integer
 http://localhost:30321/
2016-05-12 17:25:55,889 [13] Orchard.Security.Providers.FormsAuthenticationService - Default - User id not a parsable integer
 http://localhost:30321/admin
2016-05-12 17:25:55,896 [13] Orchard.Security.Providers.FormsAuthenticationService - Default - User id not a parsable integer
 http://localhost:30321/admin
2016-05-12 17:25:55,922 [11] Orchard.Security.Providers.FormsAuthenticationService - Default - User id not a parsable integer
 http://localhost:30321/Users/Account/AccessDenied?ReturnUrl=%2Fadmin
2016-05-12 17:25:55,932 [11] Orchard.Security.Providers.FormsAuthenticationService - Default - User id not a parsable integer
 http://localhost:30321/Users/Account/AccessDenied?ReturnUrl=%2Fadmin
2016-05-12 17:25:55,984 [11] Orchard.Security.Providers.FormsAuthenticationService - Default - User id not a parsable integer
 http://localhost:30321/Users/Account/AccessDenied?ReturnUrl=%2Fadmin
2016-05-12 17:25:55,992 [11] Orchard.Security.Providers.FormsAuthenticationService - Default - User id not a parsable integer
 http://localhost:30321/Users/Account/AccessDenied?ReturnUrl=%2Fadmin
2016-05-12 17:25:56,000 [11] Orchard.Security.Providers.FormsAuthenticationService - Default - User id not a parsable integer
 http://localhost:30321/Users/Account/AccessDenied?ReturnUrl=%2Fadmin
2016-05-12 17:25:56,006 [11] Orchard.Security.Providers.FormsAuthenticationService - Default - User id not a parsable integer
 http://localhost:30321/Users/Account/AccessDenied?ReturnUrl=%2Fadmin
2016-05-12 17:25:56,014 [11] Orchard.Security.Providers.FormsAuthenticationService - Default - User id not a parsable integer
 http://localhost:30321/Users/Account/AccessDenied?ReturnUrl=%2Fadmin
2016-05-12 17:25:56,022 [11] Orchard.Security.Providers.FormsAuthenticationService - Default - User id not a parsable integer
 http://localhost:30321/Users/Account/AccessDenied?ReturnUrl=%2Fadmin
2016-05-12 17:25:56,031 [11] Orchard.Security.Providers.FormsAuthenticationService - Default - User id not a parsable integer
 http://localhost:30321/Users/Account/AccessDenied?ReturnUrl=%2Fadmin
2016-05-12 17:25:56,044 [11] Orchard.Security.Providers.FormsAuthenticationService - Default - User id not a parsable integer
 http://localhost:30321/Users/Account/AccessDenied?ReturnUrl=%2Fadmin
2016-05-12 17:25:56,052 [11] Orchard.Security.Providers.FormsAuthenticationService - Default - User id not a parsable integer
 http://localhost:30321/Users/Account/AccessDenied?ReturnUrl=%2Fadmin
2016-05-12 17:25:56,063 [11] Orchard.Security.Providers.FormsAuthenticationService - Default - User id not a parsable integer
 http://localhost:30321/Users/Account/AccessDenied?ReturnUrl=%2Fadmin
2016-05-12 17:25:56,071 [11] Orchard.Security.Providers.FormsAuthenticationService - Default - User id not a parsable integer
 http://localhost:30321/Users/Account/AccessDenied?ReturnUrl=%2Fadmin
2016-05-12 17:25:56,085 [11] Orchard.Security.Providers.FormsAuthenticationService - Default - User id not a parsable integer
 http://localhost:30321/Users/Account/AccessDenied?ReturnUrl=%2Fadmin
2016-05-12 17:25:56,093 [11] Orchard.Security.Providers.FormsAuthenticationService - Default - User id not a parsable integer
 http://localhost:30321/Users/Account/AccessDenied?ReturnUrl=%2Fadmin
2016-05-12 17:25:56,101 [11] Orchard.Security.Providers.FormsAuthenticationService - Default - User id not a parsable integer
 http://localhost:30321/Users/Account/AccessDenied?ReturnUrl=%2Fadmin
2016-05-12 17:25:56,109 [11] Orchard.Security.Providers.FormsAuthenticationService - Default - User id not a parsable integer
 http://localhost:30321/Users/Account/AccessDenied?ReturnUrl=%2Fadmin
2016-05-12 17:25:56,116 [11] Orchard.Security.Providers.FormsAuthenticationService - Default - User id not a parsable integer
 http://localhost:30321/Users/Account/AccessDenied?ReturnUrl=%2Fadmin
2016-05-12 17:25:56,126 [11] Orchard.Security.Providers.FormsAuthenticationService - Default - User id not a parsable integer
 http://localhost:30321/Users/Account/AccessDenied?ReturnUrl=%2Fadmin
2016-05-12 17:25:56,134 [11] Orchard.Security.Providers.FormsAuthenticationService - Default - User id not a parsable integer
 http://localhost:30321/Users/Account/AccessDenied?ReturnUrl=%2Fadmin
2016-05-12 17:25:56,142 [11] Orchard.Security.Providers.FormsAuthenticationService - Default - User id not a parsable integer
 http://localhost:30321/Users/Account/AccessDenied?ReturnUrl=%2Fadmin
2016-05-12 17:25:56,150 [11] Orchard.Security.Providers.FormsAuthenticationService - Default - User id not a parsable integer
 http://localhost:30321/Users/Account/AccessDenied?ReturnUrl=%2Fadmin
2016-05-12 17:25:56,160 [11] Orchard.Security.Providers.FormsAuthenticationService - Default - User id not a parsable integer
 http://localhost:30321/Users/Account/AccessDenied?ReturnUrl=%2Fadmin
2016-05-12 17:25:56,168 [11] Orchard.Security.Providers.FormsAuthenticationService - Default - User id not a parsable integer
 http://localhost:30321/Users/Account/AccessDenied?ReturnUrl=%2Fadmin
2016-05-12 17:25:56,176 [11] Orchard.Security.Providers.FormsAuthenticationService - Default - User id not a parsable integer
 http://localhost:30321/Users/Account/AccessDenied?ReturnUrl=%2Fadmin
2016-05-12 17:25:56,185 [11] Orchard.Security.Providers.FormsAuthenticationService - Default - User id not a parsable integer
 http://localhost:30321/Users/Account/AccessDenied?ReturnUrl=%2Fadmin
2016-05-12 17:25:56,193 [11] Orchard.Security.Providers.FormsAuthenticationService - Default - User id not a parsable integer
 http://localhost:30321/Users/Account/AccessDenied?ReturnUrl=%2Fadmin
2016-05-12 17:25:56,201 [11] Orchard.Security.Providers.FormsAuthenticationService - Default - User id not a parsable integer
 http://localhost:30321/Users/Account/AccessDenied?ReturnUrl=%2Fadmin
2016-05-12 17:25:56,209 [11] Orchard.Security.Providers.FormsAuthenticationService - Default - User id not a parsable integer
 http://localhost:30321/Users/Account/AccessDenied?ReturnUrl=%2Fadmin
2016-05-12 17:25:56,217 [11] Orchard.Security.Providers.FormsAuthenticationService - Default - User id not a parsable integer
 http://localhost:30321/Users/Account/AccessDenied?ReturnUrl=%2Fadmin
2016-05-12 17:25:56,223 [11] Orchard.Security.Providers.FormsAuthenticationService - Default - User id not a parsable integer
 http://localhost:30321/Users/Account/AccessDenied?ReturnUrl=%2Fadmin
2016-05-12 17:25:56,231 [11] Orchard.Security.Providers.FormsAuthenticationService - Default - User id not a parsable integer
 http://localhost:30321/Users/Account/AccessDenied?ReturnUrl=%2Fadmin
2016-05-12 17:25:56,238 [11] Orchard.Security.Providers.FormsAuthenticationService - Default - User id not a parsable integer
 http://localhost:30321/Users/Account/AccessDenied?ReturnUrl=%2Fadmin
2016-05-12 17:25:56,247 [11] Orchard.Security.Providers.FormsAuthenticationService - Default - User id not a parsable integer
 http://localhost:30321/Users/Account/AccessDenied?ReturnUrl=%2Fadmin
2016-05-12 17:25:56,255 [11] Orchard.Security.Providers.FormsAuthenticationService - Default - User id not a parsable integer
 http://localhost:30321/Users/Account/AccessDenied?ReturnUrl=%2Fadmin
2016-05-12 17:25:56,262 [11] Orchard.Security.Providers.FormsAuthenticationService - Default - User id not a parsable integer
 http://localhost:30321/Users/Account/AccessDenied?ReturnUrl=%2Fadmin
2016-05-12 17:25:56,269 [11] Orchard.Security.Providers.FormsAuthenticationService - Default - User id not a parsable integer
 http://localhost:30321/Users/Account/AccessDenied?ReturnUrl=%2Fadmin
2016-05-12 17:26:03,775 [11] Orchard.Security.Providers.FormsAuthenticationService - Default - User id not a parsable integer
 http://localhost:30321/Users/Account/LogOn?ReturnUrl=%2Fadmin
2016-05-12 17:32:39,697 [31] Orchard.MediaProcessing.Services.ImageProfileManager - Default - path:/Media/Default/General/lian_wu_tang_titlebar.jpg storagePath:General\lian_wu_tang_titlebar.jpg
 http://localhost:30321/Admin/Orchard.MediaLibrary/MediaItems?folderPath=General&skip=0&count=14&order=created&mediaType=&_=1463030901865
System.ArgumentException: File General\lian_wu_tang_titlebar.jpg does not exist
   at Orchard.FileSystems.Media.FileSystemStorageProvider.GetFile(String path) in C:\Projects\EnlightmentSwords\src\Orchard\FileSystems\Media\FileSystemStorageProvider.cs:line 114
   at Orchard.MediaProcessing.Services.ImageProfileManager.GetImage(String path)
2016-05-12 17:32:41,588 [24] Orchard.MediaProcessing.Services.ImageProfileManager - Default - path:/Media/Default/General/lian_wu_tang_titlebar.jpg storagePath:General\lian_wu_tang_titlebar.jpg
 http://localhost:30321/Admin/Orchard.MediaLibrary/MediaItem/91?_=1463030901866
System.ArgumentException: File General\lian_wu_tang_titlebar.jpg does not exist
   at Orchard.FileSystems.Media.FileSystemStorageProvider.GetFile(String path) in C:\Projects\EnlightmentSwords\src\Orchard\FileSystems\Media\FileSystemStorageProvider.cs:line 114
   at Orchard.MediaProcessing.Services.ImageProfileManager.GetImage(String path)
